0 info it worked if it ends with ok
1 verbose cli [ '/usr/local/bin/node', '/usr/local/bin/npm', 'publish' ]
2 info using npm@2.15.9
3 info using node@v4.6.0
4 verbose publish [ '.' ]
5 silly cache add args [ '.', null ]
6 verbose cache add spec .
7 silly cache add parsed spec Result {
7 silly cache add   raw: '.',
7 silly cache add   scope: null,
7 silly cache add   name: null,
7 silly cache add   rawSpec: '.',
7 silly cache add   spec: '/Users/liangshan/WebstormProjects/test',
7 silly cache add   type: 'directory' }
8 verbose addLocalDirectory /Users/liangshan/.npm/test/1.0.0/package.tgz not in flight; packing
9 verbose correctMkdir /Users/liangshan/.npm correctMkdir not in flight; initializing
10 verbose tar pack [ '/Users/liangshan/.npm/test/1.0.0/package.tgz',
10 verbose tar pack   '/Users/liangshan/WebstormProjects/test' ]
11 verbose tarball /Users/liangshan/.npm/test/1.0.0/package.tgz
12 verbose folder /Users/liangshan/WebstormProjects/test
13 info prepublish test@1.0.0
14 verbose addLocalTarball adding from inside cache /Users/liangshan/.npm/test/1.0.0/package.tgz
15 verbose correctMkdir /Users/liangshan/.npm correctMkdir not in flight; initializing
16 silly cache afterAdd test@1.0.0
17 verbose afterAdd /Users/liangshan/.npm/test/1.0.0/package/package.json not in flight; writing
18 verbose correctMkdir /Users/liangshan/.npm correctMkdir not in flight; initializing
19 verbose afterAdd /Users/liangshan/.npm/test/1.0.0/package/package.json written
20 silly publish { name: 'test',
20 silly publish   version: '1.0.0',
20 silly publish   description: 'test',
20 silly publish   main: 'main.js',
20 silly publish   scripts: { test: 'echo "Error: no test specified" && exit 1' },
20 silly publish   repository:
20 silly publish    { type: 'git',
20 silly publish      url: 'git+https://github.com/liangshan98/HelloWorld.git' },
20 silly publish   keywords: [ 'liangshan' ],
20 silly publish   author: { name: 'zuoxing' },
20 silly publish   license: 'ISC',
20 silly publish   bugs: { url: 'https://github.com/liangshan98/HelloWorld/issues' },
20 silly publish   readme: 'ERROR: No README data found!',
20 silly publish   homepage: 'https://github.com/liangshan98/HelloWorld#readme',
20 silly publish   _id: 'test@1.0.0',
20 silly publish   _shasum: '3c25c546f6fca2212c5fb4ac60ec93ba06c81405',
20 silly publish   _from: '.' }
21 verbose getPublishConfig undefined
22 silly mapToRegistry name test
23 silly mapToRegistry using default registry
24 silly mapToRegistry registry https://registry.npmjs.org/
25 silly mapToRegistry data Result {
25 silly mapToRegistry   raw: 'test',
25 silly mapToRegistry   scope: null,
25 silly mapToRegistry   name: 'test',
25 silly mapToRegistry   rawSpec: '',
25 silly mapToRegistry   spec: 'latest',
25 silly mapToRegistry   type: 'tag' }
26 silly mapToRegistry uri https://registry.npmjs.org/test
27 verbose publish registryBase https://registry.npmjs.org/
28 silly publish uploading /Users/liangshan/.npm/test/1.0.0/package.tgz
29 verbose request uri https://registry.npmjs.org/test
30 verbose request sending authorization for write operation
31 info attempt registry request try #1 at 5:04:51 PM
32 verbose request using bearer token for auth
33 verbose request id 4ef0dbf30fe8a056
34 http request PUT https://registry.npmjs.org/test
35 http 403 https://registry.npmjs.org/test
36 verbose headers { 'content-type': 'application/json',
36 verbose headers   'cache-control': 'max-age=300',
36 verbose headers   'content-length': '98',
36 verbose headers   'accept-ranges': 'bytes',
36 verbose headers   date: 'Mon, 03 Jul 2017 09:04:51 GMT',
36 verbose headers   via: '1.1 varnish',
36 verbose headers   connection: 'keep-alive',
36 verbose headers   'x-served-by': 'cache-nrt6128-NRT',
36 verbose headers   'x-cache': 'MISS',
36 verbose headers   'x-cache-hits': '0',
36 verbose headers   'x-timer': 'S1499072691.387418,VS0,VE540',
36 verbose headers   vary: 'Accept-Encoding' }
37 verbose request invalidating /Users/liangshan/.npm/registry.npmjs.org/test on PUT
38 error publish Failed PUT 403
39 verbose stack Error: you do not have permission to publish "test". Are you logged in as the correct user? : test
39 verbose stack     at makeError (/usr/local/lib/node_modules/npm/node_modules/npm-registry-client/lib/request.js:264:12)
39 verbose stack     at CachingRegistryClient.<anonymous> (/usr/local/lib/node_modules/npm/node_modules/npm-registry-client/lib/request.js:252:14)
39 verbose stack     at Request._callback (/usr/local/lib/node_modules/npm/node_modules/npm-registry-client/lib/request.js:172:14)
39 verbose stack     at Request.self.callback (/usr/local/lib/node_modules/npm/node_modules/request/request.js:200:22)
39 verbose stack     at emitTwo (events.js:87:13)
39 verbose stack     at Request.emit (events.js:172:7)
39 verbose stack     at Request.<anonymous> (/usr/local/lib/node_modules/npm/node_modules/request/request.js:1067:10)
39 verbose stack     at emitOne (events.js:82:20)
39 verbose stack     at Request.emit (events.js:169:7)
39 verbose stack     at IncomingMessage.<anonymous> (/usr/local/lib/node_modules/npm/node_modules/request/request.js:988:12)
40 verbose statusCode 403
41 verbose pkgid test
42 verbose cwd /Users/liangshan/WebstormProjects/test
43 error Darwin 15.5.0
44 error argv "/usr/local/bin/node" "/usr/local/bin/npm" "publish"
45 error node v4.6.0
46 error npm  v2.15.9
47 error code E403
48 error you do not have permission to publish "test". Are you logged in as the correct user? : test
49 error If you need help, you may report this error at:
49 error     <https://github.com/npm/npm/issues>
50 verbose exit [ 1, true ]
